<?xml version="1.0" encoding="UTF-8"?>
<testng-results ignored="0" total="2" passed="2" failed="0" skipped="0">
  <reporter-output>
  </reporter-output>
  <suite started-at="2024-12-02T17:49:28 IST" name="MAster Suite" finished-at="2024-12-02T17:49:45 IST" duration-ms="16584">
    <groups>
      <group name="Master">
        <method signature="TC001_AccountRegistrationTEst.verify_account_registration()[pri:0, instance:testCases.TC001_AccountRegistrationTEst@c35172e]" name="verify_account_registration" class="testCases.TC001_AccountRegistrationTEst"/>
        <method signature="TC002_LoginTest.verify_login()[pri:0, instance:testCases.TC002_LoginTest@4566d049]" name="verify_login" class="testCases.TC002_LoginTest"/>
      </group> <!-- Master -->
      <group name="Sanity">
        <method signature="TC002_LoginTest.verify_login()[pri:0, instance:testCases.TC002_LoginTest@4566d049]" name="verify_login" class="testCases.TC002_LoginTest"/>
      </group> <!-- Sanity -->
      <group name="Regression">
        <method signature="TC001_AccountRegistrationTEst.verify_account_registration()[pri:0, instance:testCases.TC001_AccountRegistrationTEst@c35172e]" name="verify_account_registration" class="testCases.TC001_AccountRegistrationTEst"/>
      </group> <!-- Regression -->
    </groups>
    <test started-at="2024-12-02T17:49:28 IST" name="Test" finished-at="2024-12-02T17:49:45 IST" duration-ms="16584">
      <class name="testCases.TC002_LoginTest">
        <test-method is-config="true" signature="setup(java.lang.String,java.lang.String)[pri:0, instance:testCases.TC002_LoginTest@4566d049]" started-at="2024-12-02T17:49:37 IST" name="setup" finished-at="2024-12-02T17:49:41 IST" duration-ms="3686" status="PASS">
          <params>
            <param index="0">
              <value>
                <![CDATA[Windows]]>
              </value>
            </param>
            <param index="1">
              <value>
                <![CDATA[edge]]>
              </value>
            </param>
          </params>
          <reporter-output>
          </reporter-output>
        </test-method> <!-- setup -->
        <test-method signature="verify_login()[pri:0, instance:testCases.TC002_LoginTest@4566d049]" started-at="2024-12-02T17:49:41 IST" name="verify_login" finished-at="2024-12-02T17:49:43 IST" duration-ms="2119" status="PASS">
          <reporter-output>
          </reporter-output>
        </test-method> <!-- verify_login -->
        <test-method is-config="true" signature="tearDown()[pri:0, instance:testCases.TC002_LoginTest@4566d049]" started-at="2024-12-02T17:49:43 IST" name="tearDown" finished-at="2024-12-02T17:49:45 IST" duration-ms="1392" status="PASS">
          <reporter-output>
          </reporter-output>
        </test-method> <!-- tearDown -->
      </class> <!-- testCases.TC002_LoginTest -->
      <class name="testCases.TC001_AccountRegistrationTEst">
        <test-method is-config="true" signature="setup(java.lang.String,java.lang.String)[pri:0, instance:testCases.TC001_AccountRegistrationTEst@c35172e]" started-at="2024-12-02T17:49:28 IST" name="setup" finished-at="2024-12-02T17:49:34 IST" duration-ms="5153" status="PASS">
          <params>
            <param index="0">
              <value>
                <![CDATA[Windows]]>
              </value>
            </param>
            <param index="1">
              <value>
                <![CDATA[edge]]>
              </value>
            </param>
          </params>
          <reporter-output>
          </reporter-output>
        </test-method> <!-- setup -->
        <test-method signature="verify_account_registration()[pri:0, instance:testCases.TC001_AccountRegistrationTEst@c35172e]" started-at="2024-12-02T17:49:34 IST" name="verify_account_registration" finished-at="2024-12-02T17:49:37 IST" duration-ms="3204" status="PASS">
          <reporter-output>
          </reporter-output>
        </test-method> <!-- verify_account_registration -->
        <test-method is-config="true" signature="tearDown()[pri:0, instance:testCases.TC001_AccountRegistrationTEst@c35172e]" started-at="2024-12-02T17:49:37 IST" name="tearDown" finished-at="2024-12-02T17:49:37 IST" duration-ms="648" status="PASS">
          <reporter-output>
          </reporter-output>
        </test-method> <!-- tearDown -->
      </class> <!-- testCases.TC001_AccountRegistrationTEst -->
    </test> <!-- Test -->
  </suite> <!-- MAster Suite -->
</testng-results>
